>>>jogo_picross("jogo0.txt")
JOGO PICROSS
  1    3    5    3    1    
[ ? ][ ? ][ ? ][ ? ][ ? ] 1|
[ ? ][ ? ][ ? ][ ? ][ ? ] 3|
[ ? ][ ? ][ ? ][ ? ][ ? ] 5|
[ ? ][ ? ][ ? ][ ? ][ ? ] 3|
[ ? ][ ? ][ ? ][ ? ][ ? ] 1|

Introduza a jogada
- coordenada entre (1 : 1) e (5 : 5) >> (1 : 1)
- valor >> 1
  1    3    5    3    1    
[ . ][ ? ][ ? ][ ? ][ ? ] 1|
[ ? ][ ? ][ ? ][ ? ][ ? ] 3|
[ ? ][ ? ][ ? ][ ? ][ ? ] 5|
[ ? ][ ? ][ ? ][ ? ][ ? ] 3|
[ ? ][ ? ][ ? ][ ? ][ ? ] 1|

Introduza a jogada
- coordenada entre (1 : 1) e (5 : 5) >> (1 : 2)
- valor >> 1
  1    3    5    3    1    
[ . ][ . ][ ? ][ ? ][ ? ] 1|
[ ? ][ ? ][ ? ][ ? ][ ? ] 3|
[ ? ][ ? ][ ? ][ ? ][ ? ] 5|
[ ? ][ ? ][ ? ][ ? ][ ? ] 3|
[ ? ][ ? ][ ? ][ ? ][ ? ] 1|

Introduza a jogada
- coordenada entre (1 : 1) e (5 : 5) >> (1 : 3)
- valor >> 2
  1    3    5    3    1    
[ . ][ . ][ x ][ ? ][ ? ] 1|
[ ? ][ ? ][ ? ][ ? ][ ? ] 3|
[ ? ][ ? ][ ? ][ ? ][ ? ] 5|
[ ? ][ ? ][ ? ][ ? ][ ? ] 3|
[ ? ][ ? ][ ? ][ ? ][ ? ] 1|

Introduza a jogada
- coordenada entre (1 : 1) e (5 : 5) >> (1 : 4)
- valor >> 1
  1    3    5    3    1    
[ . ][ . ][ x ][ . ][ ? ] 1|
[ ? ][ ? ][ ? ][ ? ][ ? ] 3|
[ ? ][ ? ][ ? ][ ? ][ ? ] 5|
[ ? ][ ? ][ ? ][ ? ][ ? ] 3|
[ ? ][ ? ][ ? ][ ? ][ ? ] 1|

Introduza a jogada
- coordenada entre (1 : 1) e (5 : 5) >> (1 : 5)
- valor >> 1
  1    3    5    3    1    
[ . ][ . ][ x ][ . ][ . ] 1|
[ ? ][ ? ][ ? ][ ? ][ ? ] 3|
[ ? ][ ? ][ ? ][ ? ][ ? ] 5|
[ ? ][ ? ][ ? ][ ? ][ ? ] 3|
[ ? ][ ? ][ ? ][ ? ][ ? ] 1|

Introduza a jogada
- coordenada entre (1 : 1) e (5 : 5) >> (2 : 1)
- valor >> 1
  1    3    5    3    1    
[ . ][ . ][ x ][ . ][ . ] 1|
[ . ][ ? ][ ? ][ ? ][ ? ] 3|
[ ? ][ ? ][ ? ][ ? ][ ? ] 5|
[ ? ][ ? ][ ? ][ ? ][ ? ] 3|
[ ? ][ ? ][ ? ][ ? ][ ? ] 1|

Introduza a jogada
- coordenada entre (1 : 1) e (5 : 5) >> (2 : 3)
- valor >> 2
  1    3    5    3    1    
[ . ][ . ][ x ][ . ][ . ] 1|
[ . ][ ? ][ x ][ ? ][ ? ] 3|
[ ? ][ ? ][ ? ][ ? ][ ? ] 5|
[ ? ][ ? ][ ? ][ ? ][ ? ] 3|
[ ? ][ ? ][ ? ][ ? ][ ? ] 1|

Introduza a jogada
- coordenada entre (1 : 1) e (5 : 5) >> (2 : 2)
- valor >> 2
  1    3    5    3    1    
[ . ][ . ][ x ][ . ][ . ] 1|
[ . ][ x ][ x ][ ? ][ ? ] 3|
[ ? ][ ? ][ ? ][ ? ][ ? ] 5|
[ ? ][ ? ][ ? ][ ? ][ ? ] 3|
[ ? ][ ? ][ ? ][ ? ][ ? ] 1|

Introduza a jogada
- coordenada entre (1 : 1) e (5 : 5) >> (2 : 4)
- valor >> 2
  1    3    5    3    1    
[ . ][ . ][ x ][ . ][ . ] 1|
[ . ][ x ][ x ][ x ][ ? ] 3|
[ ? ][ ? ][ ? ][ ? ][ ? ] 5|
[ ? ][ ? ][ ? ][ ? ][ ? ] 3|
[ ? ][ ? ][ ? ][ ? ][ ? ] 1|

Introduza a jogada
- coordenada entre (1 : 1) e (5 : 5) >> (2 : 5)
- valor >> 1
  1    3    5    3    1    
[ . ][ . ][ x ][ . ][ . ] 1|
[ . ][ x ][ x ][ x ][ . ] 3|
[ ? ][ ? ][ ? ][ ? ][ ? ] 5|
[ ? ][ ? ][ ? ][ ? ][ ? ] 3|
[ ? ][ ? ][ ? ][ ? ][ ? ] 1|

Introduza a jogada
- coordenada entre (1 : 1) e (5 : 5) >> (3 : 1)
- valor >> 2
  1    3    5    3    1    
[ . ][ . ][ x ][ . ][ . ] 1|
[ . ][ x ][ x ][ x ][ . ] 3|
[ x ][ ? ][ ? ][ ? ][ ? ] 5|
[ ? ][ ? ][ ? ][ ? ][ ? ] 3|
[ ? ][ ? ][ ? ][ ? ][ ? ] 1|

Introduza a jogada
- coordenada entre (1 : 1) e (5 : 5) >> (3 : 2)
- valor >> 2
  1    3    5    3    1    
[ . ][ . ][ x ][ . ][ . ] 1|
[ . ][ x ][ x ][ x ][ . ] 3|
[ x ][ x ][ ? ][ ? ][ ? ] 5|
[ ? ][ ? ][ ? ][ ? ][ ? ] 3|
[ ? ][ ? ][ ? ][ ? ][ ? ] 1|

Introduza a jogada
- coordenada entre (1 : 1) e (5 : 5) >> (3 : 3)
- valor >> 2
  1    3    5    3    1    
[ . ][ . ][ x ][ . ][ . ] 1|
[ . ][ x ][ x ][ x ][ . ] 3|
[ x ][ x ][ x ][ ? ][ ? ] 5|
[ ? ][ ? ][ ? ][ ? ][ ? ] 3|
[ ? ][ ? ][ ? ][ ? ][ ? ] 1|

Introduza a jogada
- coordenada entre (1 : 1) e (5 : 5) >> (3 : 4)
- valor >> 2
  1    3    5    3    1    
[ . ][ . ][ x ][ . ][ . ] 1|
[ . ][ x ][ x ][ x ][ . ] 3|
[ x ][ x ][ x ][ x ][ ? ] 5|
[ ? ][ ? ][ ? ][ ? ][ ? ] 3|
[ ? ][ ? ][ ? ][ ? ][ ? ] 1|

Introduza a jogada
- coordenada entre (1 : 1) e (5 : 5) >> (3 : 5)
- valor >> 2
  1    3    5    3    1    
[ . ][ . ][ x ][ . ][ . ] 1|
[ . ][ x ][ x ][ x ][ . ] 3|
[ x ][ x ][ x ][ x ][ x ] 5|
[ ? ][ ? ][ ? ][ ? ][ ? ] 3|
[ ? ][ ? ][ ? ][ ? ][ ? ] 1|

Introduza a jogada
- coordenada entre (1 : 1) e (5 : 5) >> (4 : 1)
- valor >> 1
  1    3    5    3    1    
[ . ][ . ][ x ][ . ][ . ] 1|
[ . ][ x ][ x ][ x ][ . ] 3|
[ x ][ x ][ x ][ x ][ x ] 5|
[ . ][ ? ][ ? ][ ? ][ ? ] 3|
[ ? ][ ? ][ ? ][ ? ][ ? ] 1|

Introduza a jogada
- coordenada entre (1 : 1) e (5 : 5) >> (4 : 2)
- valor >> 2
  1    3    5    3    1    
[ . ][ . ][ x ][ . ][ . ] 1|
[ . ][ x ][ x ][ x ][ . ] 3|
[ x ][ x ][ x ][ x ][ x ] 5|
[ . ][ x ][ ? ][ ? ][ ? ] 3|
[ ? ][ ? ][ ? ][ ? ][ ? ] 1|

Introduza a jogada
- coordenada entre (1 : 1) e (5 : 5) >> (4 : 3)
- valor >> 2
  1    3    5    3    1    
[ . ][ . ][ x ][ . ][ . ] 1|
[ . ][ x ][ x ][ x ][ . ] 3|
[ x ][ x ][ x ][ x ][ x ] 5|
[ . ][ x ][ x ][ ? ][ ? ] 3|
[ ? ][ ? ][ ? ][ ? ][ ? ] 1|

Introduza a jogada
- coordenada entre (1 : 1) e (5 : 5) >> (4 : 4)
- valor >> 2
  1    3    5    3    1    
[ . ][ . ][ x ][ . ][ . ] 1|
[ . ][ x ][ x ][ x ][ . ] 3|
[ x ][ x ][ x ][ x ][ x ] 5|
[ . ][ x ][ x ][ x ][ ? ] 3|
[ ? ][ ? ][ ? ][ ? ][ ? ] 1|

Introduza a jogada
- coordenada entre (1 : 1) e (5 : 5) >> (4 : 5)
- valor >> 1
  1    3    5    3    1    
[ . ][ . ][ x ][ . ][ . ] 1|
[ . ][ x ][ x ][ x ][ . ] 3|
[ x ][ x ][ x ][ x ][ x ] 5|
[ . ][ x ][ x ][ x ][ . ] 3|
[ ? ][ ? ][ ? ][ ? ][ ? ] 1|

Introduza a jogada
- coordenada entre (1 : 1) e (5 : 5) >> (5 : 1)
- valor >> 1
  1    3    5    3    1    
[ . ][ . ][ x ][ . ][ . ] 1|
[ . ][ x ][ x ][ x ][ . ] 3|
[ x ][ x ][ x ][ x ][ x ] 5|
[ . ][ x ][ x ][ x ][ . ] 3|
[ . ][ ? ][ ? ][ ? ][ ? ] 1|

Introduza a jogada
- coordenada entre (1 : 1) e (5 : 5) >> (5 : 2)
- valor >> 1
  1    3    5    3    1    
[ . ][ . ][ x ][ . ][ . ] 1|
[ . ][ x ][ x ][ x ][ . ] 3|
[ x ][ x ][ x ][ x ][ x ] 5|
[ . ][ x ][ x ][ x ][ . ] 3|
[ . ][ . ][ ? ][ ? ][ ? ] 1|

Introduza a jogada
- coordenada entre (1 : 1) e (5 : 5) >> (5 : 3)
- valor >> 2
  1    3    5    3    1    
[ . ][ . ][ x ][ . ][ . ] 1|
[ . ][ x ][ x ][ x ][ . ] 3|
[ x ][ x ][ x ][ x ][ x ] 5|
[ . ][ x ][ x ][ x ][ . ] 3|
[ . ][ . ][ x ][ ? ][ ? ] 1|

Introduza a jogada
- coordenada entre (1 : 1) e (5 : 5) >> (5 : 4)
- valor >> 1
  1    3    5    3    1    
[ . ][ . ][ x ][ . ][ . ] 1|
[ . ][ x ][ x ][ x ][ . ] 3|
[ x ][ x ][ x ][ x ][ x ] 5|
[ . ][ x ][ x ][ x ][ . ] 3|
[ . ][ . ][ x ][ . ][ ? ] 1|

Introduza a jogada
- coordenada entre (1 : 1) e (5 : 5) >> (5 : 5)
- valor >> 1
  1    3    5    3    1    
[ . ][ . ][ x ][ . ][ . ] 1|
[ . ][ x ][ x ][ x ][ . ] 3|
[ x ][ x ][ x ][ x ][ x ] 5|
[ . ][ x ][ x ][ x ][ . ] 3|
[ . ][ . ][ x ][ . ][ . ] 1|

JOGO: Parabens, encontrou a solucao!
True
>>>