>>>jogo_picross("jogo3x3.txt")
JOGO PICROSS
  2    3    2    
[ ? ][ ? ][ ? ] 3|
[ ? ][ ? ][ ? ] 3|
[ ? ][ ? ][ ? ] 1|

Introduza a jogada
- coordenada entre (1 : 1) e (3 : 3) >> (1 : 1)
- valor >> 2
  2    3    2    
[ x ][ ? ][ ? ] 3|
[ ? ][ ? ][ ? ] 3|
[ ? ][ ? ][ ? ] 1|

Introduza a jogada
- coordenada entre (1 : 1) e (3 : 3) >> (1 : 2)
- valor >> 2
  2    3    2    
[ x ][ x ][ ? ] 3|
[ ? ][ ? ][ ? ] 3|
[ ? ][ ? ][ ? ] 1|

Introduza a jogada
- coordenada entre (1 : 1) e (3 : 3) >> (1 : 3)
- valor >> 2
  2    3    2    
[ x ][ x ][ x ] 3|
[ ? ][ ? ][ ? ] 3|
[ ? ][ ? ][ ? ] 1|

Introduza a jogada
- coordenada entre (1 : 1) e (3 : 3) >> (2 : 1)
- valor >> 1
  2    3    2    
[ x ][ x ][ x ] 3|
[ . ][ ? ][ ? ] 3|
[ ? ][ ? ][ ? ] 1|

Introduza a jogada
- coordenada entre (1 : 1) e (3 : 3) >> (2 : 2)
- valor >> 2
  2    3    2    
[ x ][ x ][ x ] 3|
[ . ][ x ][ ? ] 3|
[ ? ][ ? ][ ? ] 1|

Introduza a jogada
- coordenada entre (1 : 1) e (3 : 3) >> (2 : 3)
- valor >> 2
  2    3    2    
[ x ][ x ][ x ] 3|
[ . ][ x ][ x ] 3|
[ ? ][ ? ][ ? ] 1|

Introduza a jogada
- coordenada entre (1 : 1) e (3 : 3) >> (2 : 3)
- valor >> 1
  2    3    2    
[ x ][ x ][ x ] 3|
[ . ][ x ][ . ] 3|
[ ? ][ ? ][ ? ] 1|

Introduza a jogada
- coordenada entre (1 : 1) e (3 : 3) >> (2 : 3)
- valor >> 2
  2    3    2    
[ x ][ x ][ x ] 3|
[ . ][ x ][ x ] 3|
[ ? ][ ? ][ ? ] 1|

Introduza a jogada
- coordenada entre (1 : 1) e (3 : 3) >> (2 : 1)
- valor >> 2
  2    3    2    
[ x ][ x ][ x ] 3|
[ x ][ x ][ x ] 3|
[ ? ][ ? ][ ? ] 1|

Introduza a jogada
- coordenada entre (1 : 1) e (3 : 3) >> (3 : 1)
- valor >> 1
  2    3    2    
[ x ][ x ][ x ] 3|
[ x ][ x ][ x ] 3|
[ . ][ ? ][ ? ] 1|

Introduza a jogada
- coordenada entre (1 : 1) e (3 : 3) >> (3 : 2)
- valor >> 2
  2    3    2    
[ x ][ x ][ x ] 3|
[ x ][ x ][ x ] 3|
[ . ][ x ][ ? ] 1|

Introduza a jogada
- coordenada entre (1 : 1) e (3 : 3) >> (3 : 3)
- valor >> 1
  2    3    2    
[ x ][ x ][ x ] 3|
[ x ][ x ][ x ] 3|
[ . ][ x ][ . ] 1|

JOGO: Parabens, encontrou a solucao!
True
>>>