>>>jogo_picross("jogo_fig2.txt")
JOGO PICROSS
       1                   
  2    2    2    3    3    
[ ? ][ ? ][ ? ][ ? ][ ? ] 2  |
[ ? ][ ? ][ ? ][ ? ][ ? ] 3  |
[ ? ][ ? ][ ? ][ ? ][ ? ] 2  |
[ ? ][ ? ][ ? ][ ? ][ ? ] 2 2|
[ ? ][ ? ][ ? ][ ? ][ ? ] 2  |

Introduza a jogada
- coordenada entre (1 : 1) e (5 : 5) >> (6 : 6)
- valor >> 1
Jogada invalida.
Introduza a jogada
- coordenada entre (1 : 1) e (5 : 5) >> (1 : 1)
- valor >> 4
Traceback (most recent call last):
[...]
builtins.ValueError: cria_jogada: argumentos invalidos
>>>